Performing C SOURCE FILE Test CMAKE_HAVE_LIBC_PTHREAD failed with the following output:
Change Dir: /home/ammiera/AmbulanceIQPMQP/build/CMakeFiles/CMakeTmp

Run Build Command(s):/usr/bin/make cmTC_737bb/fast && /usr/bin/make -f CMakeFiles/cmTC_737bb.dir/build.make CMakeFiles/cmTC_737bb.dir/build
make[1]: Entering directory '/home/ammiera/AmbulanceIQPMQP/build/CMakeFiles/CMakeTmp'
Building C object CMakeFiles/cmTC_737bb.dir/src.c.o
/bin/x86_64-linux-gnu-gcc-9   -DCMAKE_HAVE_LIBC_PTHREAD -fPIE   -o CMakeFiles/cmTC_737bb.dir/src.c.o   -c /home/ammiera/AmbulanceIQPMQP/build/CMakeFiles/CMakeTmp/src.c
Linking C executable cmTC_737bb
/usr/bin/cmake -E cmake_link_script CMakeFiles/cmTC_737bb.dir/link.txt --verbose=1
/bin/x86_64-linux-gnu-gcc-9  -DCMAKE_HAVE_LIBC_PTHREAD    -rdynamic CMakeFiles/cmTC_737bb.dir/src.c.o  -o cmTC_737bb 
/usr/bin/ld: CMakeFiles/cmTC_737bb.dir/src.c.o: in function `main':
src.c:(.text+0x46): undefined reference to `pthread_create'
/usr/bin/ld: src.c:(.text+0x52): undefined reference to `pthread_detach'
/usr/bin/ld: src.c:(.text+0x63): undefined reference to `pthread_join'
collect2: error: ld returned 1 exit status
make[1]: *** [CMakeFiles/cmTC_737bb.dir/build.make:87: cmTC_737bb] Error 1
make[1]: Leaving directory '/home/ammiera/AmbulanceIQPMQP/build/CMakeFiles/CMakeTmp'
make: *** [Makefile:121: cmTC_737bb/fast] Error 2


Source file was:
#include <pthread.h>

void* test_func(void* data)
{
  return data;
}

int main(void)
{
  pthread_t thread;
  pthread_create(&thread, NULL, test_func, NULL);
  pthread_detach(thread);
  pthread_join(thread, NULL);
  pthread_atfork(NULL, NULL, NULL);
  pthread_exit(NULL);

  return 0;
}

Determining if the function pthread_create exists in the pthreads failed with the following output:
Change Dir: /home/ammiera/AmbulanceIQPMQP/build/CMakeFiles/CMakeTmp

Run Build Command(s):/usr/bin/make cmTC_38774/fast && /usr/bin/make -f CMakeFiles/cmTC_38774.dir/build.make CMakeFiles/cmTC_38774.dir/build
make[1]: Entering directory '/home/ammiera/AmbulanceIQPMQP/build/CMakeFiles/CMakeTmp'
Building C object CMakeFiles/cmTC_38774.dir/CheckFunctionExists.c.o
/bin/x86_64-linux-gnu-gcc-9   -DCHECK_FUNCTION_EXISTS=pthread_create -fPIE   -o CMakeFiles/cmTC_38774.dir/CheckFunctionExists.c.o   -c /usr/share/cmake-3.16/Modules/CheckFunctionExists.c
Linking C executable cmTC_38774
/usr/bin/cmake -E cmake_link_script CMakeFiles/cmTC_38774.dir/link.txt --verbose=1
/bin/x86_64-linux-gnu-gcc-9  -DCHECK_FUNCTION_EXISTS=pthread_create    -rdynamic CMakeFiles/cmTC_38774.dir/CheckFunctionExists.c.o  -o cmTC_38774  -lpthreads 
/usr/bin/ld: cannot find -lpthreads
collect2: error: ld returned 1 exit status
make[1]: *** [CMakeFiles/cmTC_38774.dir/build.make:87: cmTC_38774] Error 1
make[1]: Leaving directory '/home/ammiera/AmbulanceIQPMQP/build/CMakeFiles/CMakeTmp'
make: *** [Makefile:121: cmTC_38774/fast] Error 2



